<!DOCTYPE html>
<html>
  <head>
    <meta charset="utf-8"/>
    <title>Test Report</title>
    <link href="assets/style.css" rel="stylesheet" type="text/css"/></head>
  <body onLoad="init()">
    <script>/* This Source Code Form is subject to the terms of the Mozilla Public
 * License, v. 2.0. If a copy of the MPL was not distributed with this file,
 * You can obtain one at http://mozilla.org/MPL/2.0/. */


function toArray(iter) {
    if (iter === null) {
        return null;
    }
    return Array.prototype.slice.call(iter);
}

function find(selector, elem) { // eslint-disable-line no-redeclare
    if (!elem) {
        elem = document;
    }
    return elem.querySelector(selector);
}

function findAll(selector, elem) {
    if (!elem) {
        elem = document;
    }
    return toArray(elem.querySelectorAll(selector));
}

function sortColumn(elem) {
    toggleSortStates(elem);
    const colIndex = toArray(elem.parentNode.childNodes).indexOf(elem);
    let key;
    if (elem.classList.contains('result')) {
        key = keyResult;
    } else if (elem.classList.contains('links')) {
        key = keyLink;
    } else {
        key = keyAlpha;
    }
    sortTable(elem, key(colIndex));
}

function showAllExtras() { // eslint-disable-line no-unused-vars
    findAll('.col-result').forEach(showExtras);
}

function hideAllExtras() { // eslint-disable-line no-unused-vars
    findAll('.col-result').forEach(hideExtras);
}

function showExtras(colresultElem) {
    const extras = colresultElem.parentNode.nextElementSibling;
    const expandcollapse = colresultElem.firstElementChild;
    extras.classList.remove('collapsed');
    expandcollapse.classList.remove('expander');
    expandcollapse.classList.add('collapser');
}

function hideExtras(colresultElem) {
    const extras = colresultElem.parentNode.nextElementSibling;
    const expandcollapse = colresultElem.firstElementChild;
    extras.classList.add('collapsed');
    expandcollapse.classList.remove('collapser');
    expandcollapse.classList.add('expander');
}

function showFilters() {
    const filterItems = document.getElementsByClassName('filter');
    for (let i = 0; i < filterItems.length; i++)
        filterItems[i].hidden = false;
}

function addCollapse() {
    // Add links for show/hide all
    const resulttable = find('table#results-table');
    const showhideall = document.createElement('p');
    showhideall.innerHTML = '<a href="javascript:showAllExtras()">Show all details</a> / ' +
                            '<a href="javascript:hideAllExtras()">Hide all details</a>';
    resulttable.parentElement.insertBefore(showhideall, resulttable);

    // Add show/hide link to each result
    findAll('.col-result').forEach(function(elem) {
        const collapsed = getQueryParameter('collapsed') || 'Passed';
        const extras = elem.parentNode.nextElementSibling;
        const expandcollapse = document.createElement('span');
        if (extras.classList.contains('collapsed')) {
            expandcollapse.classList.add('expander');
        } else if (collapsed.includes(elem.innerHTML)) {
            extras.classList.add('collapsed');
            expandcollapse.classList.add('expander');
        } else {
            expandcollapse.classList.add('collapser');
        }
        elem.appendChild(expandcollapse);

        elem.addEventListener('click', function(event) {
            if (event.currentTarget.parentNode.nextElementSibling.classList.contains('collapsed')) {
                showExtras(event.currentTarget);
            } else {
                hideExtras(event.currentTarget);
            }
        });
    });
}

function getQueryParameter(name) {
    const match = RegExp('[?&]' + name + '=([^&]*)').exec(window.location.search);
    return match && decodeURIComponent(match[1].replace(/\+/g, ' '));
}

function init () { // eslint-disable-line no-unused-vars
    resetSortHeaders();

    addCollapse();

    showFilters();

    sortColumn(find('.initial-sort'));

    findAll('.sortable').forEach(function(elem) {
        elem.addEventListener('click',
            function() {
                sortColumn(elem);
            }, false);
    });
}

function sortTable(clicked, keyFunc) {
    const rows = findAll('.results-table-row');
    const reversed = !clicked.classList.contains('asc');
    const sortedRows = sort(rows, keyFunc, reversed);
    /* Whole table is removed here because browsers acts much slower
     * when appending existing elements.
     */
    const thead = document.getElementById('results-table-head');
    document.getElementById('results-table').remove();
    const parent = document.createElement('table');
    parent.id = 'results-table';
    parent.appendChild(thead);
    sortedRows.forEach(function(elem) {
        parent.appendChild(elem);
    });
    document.getElementsByTagName('BODY')[0].appendChild(parent);
}

function sort(items, keyFunc, reversed) {
    const sortArray = items.map(function(item, i) {
        return [keyFunc(item), i];
    });

    sortArray.sort(function(a, b) {
        const keyA = a[0];
        const keyB = b[0];

        if (keyA == keyB) return 0;

        if (reversed) {
            return keyA < keyB ? 1 : -1;
        } else {
            return keyA > keyB ? 1 : -1;
        }
    });

    return sortArray.map(function(item) {
        const index = item[1];
        return items[index];
    });
}

function keyAlpha(colIndex) {
    return function(elem) {
        return elem.childNodes[1].childNodes[colIndex].firstChild.data.toLowerCase();
    };
}

function keyLink(colIndex) {
    return function(elem) {
        const dataCell = elem.childNodes[1].childNodes[colIndex].firstChild;
        return dataCell == null ? '' : dataCell.innerText.toLowerCase();
    };
}

function keyResult(colIndex) {
    return function(elem) {
        const strings = ['Error', 'Failed', 'Rerun', 'XFailed', 'XPassed',
            'Skipped', 'Passed'];
        return strings.indexOf(elem.childNodes[1].childNodes[colIndex].firstChild.data);
    };
}

function resetSortHeaders() {
    findAll('.sort-icon').forEach(function(elem) {
        elem.parentNode.removeChild(elem);
    });
    findAll('.sortable').forEach(function(elem) {
        const icon = document.createElement('div');
        icon.className = 'sort-icon';
        icon.textContent = 'vvv';
        elem.insertBefore(icon, elem.firstChild);
        elem.classList.remove('desc', 'active');
        elem.classList.add('asc', 'inactive');
    });
}

function toggleSortStates(elem) {
    //if active, toggle between asc and desc
    if (elem.classList.contains('active')) {
        elem.classList.toggle('asc');
        elem.classList.toggle('desc');
    }

    //if inactive, reset all other functions and add ascending active
    if (elem.classList.contains('inactive')) {
        resetSortHeaders();
        elem.classList.remove('inactive');
        elem.classList.add('active');
    }
}

function isAllRowsHidden(value) {
    return value.hidden == false;
}

function filterTable(elem) { // eslint-disable-line no-unused-vars
    const outcomeAtt = 'data-test-result';
    const outcome = elem.getAttribute(outcomeAtt);
    const classOutcome = outcome + ' results-table-row';
    const outcomeRows = document.getElementsByClassName(classOutcome);

    for(let i = 0; i < outcomeRows.length; i++){
        outcomeRows[i].hidden = !elem.checked;
    }

    const rows = findAll('.results-table-row').filter(isAllRowsHidden);
    const allRowsHidden = rows.length == 0 ? true : false;
    const notFoundMessage = document.getElementById('not-found-message');
    notFoundMessage.hidden = !allRowsHidden;
}
</script>
    <h1>report2.html</h1>
    <p>Report generated on 20-Mar-2022 at 20:33:47 by <a href="https://pypi.python.org/pypi/pytest-html">pytest-html</a> v3.1.1</p>
    <h2>Environment</h2>
    <table id="environment">
      <tr>
        <td>Packages</td>
        <td>{"pluggy": "1.0.0", "py": "1.11.0", "pytest": "7.1.1"}</td></tr>
      <tr>
        <td>Platform</td>
        <td>Windows-10-10.0.19044-SP0</td></tr>
      <tr>
        <td>Plugins</td>
        <td>{"bdd": "5.0.0", "html": "3.1.1", "metadata": "1.11.0"}</td></tr>
      <tr>
        <td>Python</td>
        <td>3.10.2</td></tr></table>
    <h2>Summary</h2>
    <p>35 tests ran in 260.22 seconds. </p>
    <p class="filter" hidden="true">(Un)check the boxes to filter the results.</p><input checked="true" class="filter" data-test-result="passed" hidden="true" name="filter_checkbox" onChange="filterTable(this)" type="checkbox"/><span class="passed">33 passed</span>, <input checked="true" class="filter" data-test-result="skipped" disabled="true" hidden="true" name="filter_checkbox" onChange="filterTable(this)" type="checkbox"/><span class="skipped">0 skipped</span>, <input checked="true" class="filter" data-test-result="failed" hidden="true" name="filter_checkbox" onChange="filterTable(this)" type="checkbox"/><span class="failed">2 failed</span>, <input checked="true" class="filter" data-test-result="error" disabled="true" hidden="true" name="filter_checkbox" onChange="filterTable(this)" type="checkbox"/><span class="error">0 errors</span>, <input checked="true" class="filter" data-test-result="xfailed" disabled="true" hidden="true" name="filter_checkbox" onChange="filterTable(this)" type="checkbox"/><span class="xfailed">0 expected failures</span>, <input checked="true" class="filter" data-test-result="xpassed" disabled="true" hidden="true" name="filter_checkbox" onChange="filterTable(this)" type="checkbox"/><span class="xpassed">0 unexpected passes</span>
    <h2>Results</h2>
    <table id="results-table">
      <thead id="results-table-head">
        <tr>
          <th class="sortable result initial-sort" col="result">Result</th>
          <th class="sortable" col="name">Test</th>
          <th class="sortable" col="duration">Duration</th>
          <th class="sortable links" col="links">Links</th></tr>
        <tr hidden="true" id="not-found-message">
          <th colspan="4">No results found. Try to check the filters</th></tr></thead>
      <tbody class="failed results-table-row">
        <tr>
          <td class="col-result">Failed</td>
          <td class="col-name">tests/step_defs/test_broken_images_page.py::test_test_broken_images</td>
          <td class="col-duration">8.40</td>
          <td class="col-links"></td></tr>
        <tr>
          <td class="extra" colspan="4">
            <div class="log">request = &lt;FixtureRequest for &lt;Function test_test_broken_images&gt;&gt;, _pytest_bdd_example = {}<br/><br/>    @pytest.mark.usefixtures(*args)<br/>    def scenario_wrapper(request, _pytest_bdd_example):<br/>        scenario = templated_scenario.render(_pytest_bdd_example)<br/>&gt;       _execute_scenario(feature, scenario, request)<br/><br/>..\..\..\.virtualenvs\-The-internet-herokuapp-pytest-BDD-Seleniu-qMM2_GHK\lib\site-packages\pytest_bdd\scenario.py:174: <br/>_ _ _ _ _ _ _ _ _ _ _ _ _ _ _ _ _ _ _ _ _ _ _ _ _ _ _ _ _ _ _ _ _ _ _ _ _ _ _ _ <br/>..\..\..\.virtualenvs\-The-internet-herokuapp-pytest-BDD-Seleniu-qMM2_GHK\lib\site-packages\pytest_bdd\scenario.py:144: in _execute_scenario<br/>    _execute_step_function(request, scenario, step, step_func)<br/>..\..\..\.virtualenvs\-The-internet-herokuapp-pytest-BDD-Seleniu-qMM2_GHK\lib\site-packages\pytest_bdd\scenario.py:114: in _execute_step_function<br/>    return_value = step_func(**kwargs)<br/>_ _ _ _ _ _ _ _ _ _ _ _ _ _ _ _ _ _ _ _ _ _ _ _ _ _ _ _ _ _ _ _ _ _ _ _ _ _ _ _ <br/><br/>browser = &lt;selenium.webdriver.chrome.webdriver.WebDriver (session=&quot;5d6bcbf6dd6cd6b88c97f2f7a940b891&quot;)&gt;<br/><br/>    @then(&#x27;the page should not contain broken images&#x27;)<br/>    def check_for_broken_images(browser):<br/>        generic = GenericMethods(browser)<br/>&gt;       assert generic.is_broken_images_on_page(), &#x27;The page contains broken images&#x27;<br/><span class="error">E       AssertionError: The page contains broken images</span><br/><span class="error">E       assert False</span><br/><span class="error">E        +  where False = &lt;bound method GenericMethods.is_broken_images_on_page of &lt;utils.generic_methods.GenericMethods object at 0x000001CBA19A0910&gt;&gt;()</span><br/><span class="error">E        +    where &lt;bound method GenericMethods.is_broken_images_on_page of &lt;utils.generic_methods.GenericMethods object at 0x000001CBA19A0910&gt;&gt; = &lt;utils.generic_methods.GenericMethods object at 0x000001CBA19A0910&gt;.is_broken_images_on_page</span><br/><br/>tests\step_defs\test_broken_images_page.py:36: AssertionError<br/> ------------------------------Captured stdout call------------------------------ <br/>            This page contains: 4 images
    Broken images: 
[&#x27;&lt;img src=&quot;asdf.jpg&quot;&gt;&#x27;, &#x27;&lt;img src=&quot;hjkl.jpg&quot;&gt;&#x27;]
<br/> ------------------------------Captured stderr call------------------------------ <br/>

====== WebDriver manager ======
Current google-chrome version is 99.0.4844
Get LATEST chromedriver version for 99.0.4844 google-chrome
Driver [C:\Users\icoro\.wdm\drivers\chromedriver\win32\99.0.4844.51\chromedriver.exe] found in cache
<br/> -------------------------------Captured log call-------------------------------- <br/>INFO     WDM:logger.py:27 

INFO     WDM:logger.py:27 ====== WebDriver manager ======
INFO     WDM:logger.py:27 Current google-chrome version is 99.0.4844
INFO     WDM:logger.py:27 Get LATEST chromedriver version for 99.0.4844 google-chrome
INFO     WDM:logger.py:27 Driver [C:\Users\icoro\.wdm\drivers\chromedriver\win32\99.0.4844.51\chromedriver.exe] found in cache<br/></div></td></tr></tbody>
      <tbody class="failed results-table-row">
        <tr>
          <td class="col-result">Failed</td>
          <td class="col-name">tests/step_defs/test_secure_area_page.py::test_test_if_the_logout_from_the_secure_area_page_is_secure</td>
          <td class="col-duration">7.76</td>
          <td class="col-links"></td></tr>
        <tr>
          <td class="extra" colspan="4">
            <div class="log">request = &lt;FixtureRequest for &lt;Function test_test_if_the_logout_from_the_secure_area_page_is_secure&gt;&gt;, _pytest_bdd_example = {}<br/><br/>    @pytest.mark.usefixtures(*args)<br/>    def scenario_wrapper(request, _pytest_bdd_example):<br/>        scenario = templated_scenario.render(_pytest_bdd_example)<br/>&gt;       _execute_scenario(feature, scenario, request)<br/><br/>..\..\..\.virtualenvs\-The-internet-herokuapp-pytest-BDD-Seleniu-qMM2_GHK\lib\site-packages\pytest_bdd\scenario.py:174: <br/>_ _ _ _ _ _ _ _ _ _ _ _ _ _ _ _ _ _ _ _ _ _ _ _ _ _ _ _ _ _ _ _ _ _ _ _ _ _ _ _ <br/>..\..\..\.virtualenvs\-The-internet-herokuapp-pytest-BDD-Seleniu-qMM2_GHK\lib\site-packages\pytest_bdd\scenario.py:144: in _execute_scenario<br/>    _execute_step_function(request, scenario, step, step_func)<br/>..\..\..\.virtualenvs\-The-internet-herokuapp-pytest-BDD-Seleniu-qMM2_GHK\lib\site-packages\pytest_bdd\scenario.py:114: in _execute_step_function<br/>    return_value = step_func(**kwargs)<br/>_ _ _ _ _ _ _ _ _ _ _ _ _ _ _ _ _ _ _ _ _ _ _ _ _ _ _ _ _ _ _ _ _ _ _ _ _ _ _ _ <br/><br/>browser = &lt;selenium.webdriver.chrome.webdriver.WebDriver (session=&quot;841e88b3f88c4df06e588afea99342fe&quot;)&gt;<br/><br/>    @then(&#x27;the browser should remain in the login page and should ask me to login again&#x27;)<br/>    def is_current_url_ok(browser):<br/>        generic = GenericMethods(browser)<br/>&gt;       assert generic.get_current_url() is const.FORM_AUTHENTICATION_URL, \<br/>            &#x27;Unsecure logout: If we go back after logout, we are logged in back&#x27;<br/><span class="error">E       AssertionError: Unsecure logout: If we go back after logout, we are logged in back</span><br/><span class="error">E       assert &#x27;https://the-internet.herokuapp.com/secure&#x27; is &#x27;https://the-internet.herokuapp.com/login&#x27;</span><br/><span class="error">E        +  where &#x27;https://the-internet.herokuapp.com/secure&#x27; = &lt;bound method GenericMethods.get_current_url of &lt;utils.generic_methods.GenericMethods object at 0x000001CBA1A992A0&gt;&gt;()</span><br/><span class="error">E        +    where &lt;bound method GenericMethods.get_current_url of &lt;utils.generic_methods.GenericMethods object at 0x000001CBA1A992A0&gt;&gt; = &lt;utils.generic_methods.GenericMethods object at 0x000001CBA1A992A0&gt;.get_current_url</span><br/><span class="error">E        +  and   &#x27;https://the-internet.herokuapp.com/login&#x27; = const.FORM_AUTHENTICATION_URL</span><br/><br/>tests\step_defs\test_secure_area_page.py:73: AssertionError<br/> ------------------------------Captured stderr call------------------------------ <br/>

====== WebDriver manager ======
Current google-chrome version is 99.0.4844
Get LATEST chromedriver version for 99.0.4844 google-chrome
Driver [C:\Users\icoro\.wdm\drivers\chromedriver\win32\99.0.4844.51\chromedriver.exe] found in cache
<br/> -------------------------------Captured log call-------------------------------- <br/>INFO     WDM:logger.py:27 

INFO     WDM:logger.py:27 ====== WebDriver manager ======
INFO     WDM:logger.py:27 Current google-chrome version is 99.0.4844
INFO     WDM:logger.py:27 Get LATEST chromedriver version for 99.0.4844 google-chrome
INFO     WDM:logger.py:27 Driver [C:\Users\icoro\.wdm\drivers\chromedriver\win32\99.0.4844.51\chromedriver.exe] found in cache<br/></div></td></tr></tbody>
      <tbody class="passed results-table-row">
        <tr>
          <td class="col-result">Passed</td>
          <td class="col-name">tests/step_defs/test_ab_test_page.py::test_test_the_page_is_displayed</td>
          <td class="col-duration">7.19</td>
          <td class="col-links"></td></tr>
        <tr>
          <td class="extra" colspan="4">
            <div class="log"> ------------------------------Captured stderr call------------------------------ <br/>

====== WebDriver manager ======
Current google-chrome version is 99.0.4844
Get LATEST chromedriver version for 99.0.4844 google-chrome
Driver [C:\Users\icoro\.wdm\drivers\chromedriver\win32\99.0.4844.51\chromedriver.exe] found in cache
<br/> -------------------------------Captured log call-------------------------------- <br/>INFO     WDM:logger.py:27 

INFO     WDM:logger.py:27 ====== WebDriver manager ======
INFO     WDM:logger.py:27 Current google-chrome version is 99.0.4844
INFO     WDM:logger.py:27 Get LATEST chromedriver version for 99.0.4844 google-chrome
INFO     WDM:logger.py:27 Driver [C:\Users\icoro\.wdm\drivers\chromedriver\win32\99.0.4844.51\chromedriver.exe] found in cache<br/></div></td></tr></tbody>
      <tbody class="passed results-table-row">
        <tr>
          <td class="col-result">Passed</td>
          <td class="col-name">tests/step_defs/test_ab_test_page.py::test_test_broken_images</td>
          <td class="col-duration">6.58</td>
          <td class="col-links"></td></tr>
        <tr>
          <td class="extra" colspan="4">
            <div class="log"> ------------------------------Captured stdout call------------------------------ <br/>            This page contains: 1 images
    Broken images: 
[]
<br/> ------------------------------Captured stderr call------------------------------ <br/>

====== WebDriver manager ======
Current google-chrome version is 99.0.4844
Get LATEST chromedriver version for 99.0.4844 google-chrome
Driver [C:\Users\icoro\.wdm\drivers\chromedriver\win32\99.0.4844.51\chromedriver.exe] found in cache
<br/> -------------------------------Captured log call-------------------------------- <br/>INFO     WDM:logger.py:27 

INFO     WDM:logger.py:27 ====== WebDriver manager ======
INFO     WDM:logger.py:27 Current google-chrome version is 99.0.4844
INFO     WDM:logger.py:27 Get LATEST chromedriver version for 99.0.4844 google-chrome
INFO     WDM:logger.py:27 Driver [C:\Users\icoro\.wdm\drivers\chromedriver\win32\99.0.4844.51\chromedriver.exe] found in cache<br/></div></td></tr></tbody>
      <tbody class="passed results-table-row">
        <tr>
          <td class="col-result">Passed</td>
          <td class="col-name">tests/step_defs/test_add_remove_elements_page.py::test_test_the_page_is_displayed</td>
          <td class="col-duration">6.12</td>
          <td class="col-links"></td></tr>
        <tr>
          <td class="extra" colspan="4">
            <div class="log"> ------------------------------Captured stderr call------------------------------ <br/>

====== WebDriver manager ======
Current google-chrome version is 99.0.4844
Get LATEST chromedriver version for 99.0.4844 google-chrome
Driver [C:\Users\icoro\.wdm\drivers\chromedriver\win32\99.0.4844.51\chromedriver.exe] found in cache
<br/> -------------------------------Captured log call-------------------------------- <br/>INFO     WDM:logger.py:27 

INFO     WDM:logger.py:27 ====== WebDriver manager ======
INFO     WDM:logger.py:27 Current google-chrome version is 99.0.4844
INFO     WDM:logger.py:27 Get LATEST chromedriver version for 99.0.4844 google-chrome
INFO     WDM:logger.py:27 Driver [C:\Users\icoro\.wdm\drivers\chromedriver\win32\99.0.4844.51\chromedriver.exe] found in cache<br/></div></td></tr></tbody>
      <tbody class="passed results-table-row">
        <tr>
          <td class="col-result">Passed</td>
          <td class="col-name">tests/step_defs/test_add_remove_elements_page.py::test_test_broken_images</td>
          <td class="col-duration">6.53</td>
          <td class="col-links"></td></tr>
        <tr>
          <td class="extra" colspan="4">
            <div class="log"> ------------------------------Captured stdout call------------------------------ <br/>            This page contains: 1 images
    Broken images: 
[]
<br/> ------------------------------Captured stderr call------------------------------ <br/>

====== WebDriver manager ======
Current google-chrome version is 99.0.4844
Get LATEST chromedriver version for 99.0.4844 google-chrome
Driver [C:\Users\icoro\.wdm\drivers\chromedriver\win32\99.0.4844.51\chromedriver.exe] found in cache
<br/> -------------------------------Captured log call-------------------------------- <br/>INFO     WDM:logger.py:27 

INFO     WDM:logger.py:27 ====== WebDriver manager ======
INFO     WDM:logger.py:27 Current google-chrome version is 99.0.4844
INFO     WDM:logger.py:27 Get LATEST chromedriver version for 99.0.4844 google-chrome
INFO     WDM:logger.py:27 Driver [C:\Users\icoro\.wdm\drivers\chromedriver\win32\99.0.4844.51\chromedriver.exe] found in cache<br/></div></td></tr></tbody>
      <tbody class="passed results-table-row">
        <tr>
          <td class="col-result">Passed</td>
          <td class="col-name">tests/step_defs/test_add_remove_elements_page.py::test_test_buttons_works_well</td>
          <td class="col-duration">6.07</td>
          <td class="col-links"></td></tr>
        <tr>
          <td class="extra" colspan="4">
            <div class="log"> ------------------------------Captured stderr call------------------------------ <br/>

====== WebDriver manager ======
Current google-chrome version is 99.0.4844
Get LATEST chromedriver version for 99.0.4844 google-chrome
Driver [C:\Users\icoro\.wdm\drivers\chromedriver\win32\99.0.4844.51\chromedriver.exe] found in cache
<br/> -------------------------------Captured log call-------------------------------- <br/>INFO     WDM:logger.py:27 

INFO     WDM:logger.py:27 ====== WebDriver manager ======
INFO     WDM:logger.py:27 Current google-chrome version is 99.0.4844
INFO     WDM:logger.py:27 Get LATEST chromedriver version for 99.0.4844 google-chrome
INFO     WDM:logger.py:27 Driver [C:\Users\icoro\.wdm\drivers\chromedriver\win32\99.0.4844.51\chromedriver.exe] found in cache<br/></div></td></tr></tbody>
      <tbody class="passed results-table-row">
        <tr>
          <td class="col-result">Passed</td>
          <td class="col-name">tests/step_defs/test_add_remove_elements_page.py::test_test_delete_buttons_number[9]</td>
          <td class="col-duration">6.09</td>
          <td class="col-links"></td></tr>
        <tr>
          <td class="extra" colspan="4">
            <div class="log"> ------------------------------Captured stderr call------------------------------ <br/>

====== WebDriver manager ======
Current google-chrome version is 99.0.4844
Get LATEST chromedriver version for 99.0.4844 google-chrome
Driver [C:\Users\icoro\.wdm\drivers\chromedriver\win32\99.0.4844.51\chromedriver.exe] found in cache
<br/> -------------------------------Captured log call-------------------------------- <br/>INFO     WDM:logger.py:27 

INFO     WDM:logger.py:27 ====== WebDriver manager ======
INFO     WDM:logger.py:27 Current google-chrome version is 99.0.4844
INFO     WDM:logger.py:27 Get LATEST chromedriver version for 99.0.4844 google-chrome
INFO     WDM:logger.py:27 Driver [C:\Users\icoro\.wdm\drivers\chromedriver\win32\99.0.4844.51\chromedriver.exe] found in cache<br/></div></td></tr></tbody>
      <tbody class="passed results-table-row">
        <tr>
          <td class="col-result">Passed</td>
          <td class="col-name">tests/step_defs/test_add_remove_elements_page.py::test_test_delete_buttons_number[30]</td>
          <td class="col-duration">6.75</td>
          <td class="col-links"></td></tr>
        <tr>
          <td class="extra" colspan="4">
            <div class="log"> ------------------------------Captured stderr call------------------------------ <br/>

====== WebDriver manager ======
Current google-chrome version is 99.0.4844
Get LATEST chromedriver version for 99.0.4844 google-chrome
Driver [C:\Users\icoro\.wdm\drivers\chromedriver\win32\99.0.4844.51\chromedriver.exe] found in cache
<br/> -------------------------------Captured log call-------------------------------- <br/>INFO     WDM:logger.py:27 

INFO     WDM:logger.py:27 ====== WebDriver manager ======
INFO     WDM:logger.py:27 Current google-chrome version is 99.0.4844
INFO     WDM:logger.py:27 Get LATEST chromedriver version for 99.0.4844 google-chrome
INFO     WDM:logger.py:27 Driver [C:\Users\icoro\.wdm\drivers\chromedriver\win32\99.0.4844.51\chromedriver.exe] found in cache<br/></div></td></tr></tbody>
      <tbody class="passed results-table-row">
        <tr>
          <td class="col-result">Passed</td>
          <td class="col-name">tests/step_defs/test_add_remove_elements_page.py::test_test_delete_buttons_number[51]</td>
          <td class="col-duration">7.52</td>
          <td class="col-links"></td></tr>
        <tr>
          <td class="extra" colspan="4">
            <div class="log"> ------------------------------Captured stderr call------------------------------ <br/>

====== WebDriver manager ======
Current google-chrome version is 99.0.4844
Get LATEST chromedriver version for 99.0.4844 google-chrome
Driver [C:\Users\icoro\.wdm\drivers\chromedriver\win32\99.0.4844.51\chromedriver.exe] found in cache
<br/> -------------------------------Captured log call-------------------------------- <br/>INFO     WDM:logger.py:27 

INFO     WDM:logger.py:27 ====== WebDriver manager ======
INFO     WDM:logger.py:27 Current google-chrome version is 99.0.4844
INFO     WDM:logger.py:27 Get LATEST chromedriver version for 99.0.4844 google-chrome
INFO     WDM:logger.py:27 Driver [C:\Users\icoro\.wdm\drivers\chromedriver\win32\99.0.4844.51\chromedriver.exe] found in cache<br/></div></td></tr></tbody>
      <tbody class="passed results-table-row">
        <tr>
          <td class="col-result">Passed</td>
          <td class="col-name">tests/step_defs/test_add_remove_elements_page.py::test_test_delete_buttons_number_2[9-9-0]</td>
          <td class="col-duration">17.04</td>
          <td class="col-links"></td></tr>
        <tr>
          <td class="extra" colspan="4">
            <div class="log"> ------------------------------Captured stderr call------------------------------ <br/>

====== WebDriver manager ======
Current google-chrome version is 99.0.4844
Get LATEST chromedriver version for 99.0.4844 google-chrome
Driver [C:\Users\icoro\.wdm\drivers\chromedriver\win32\99.0.4844.51\chromedriver.exe] found in cache
<br/> -------------------------------Captured log call-------------------------------- <br/>INFO     WDM:logger.py:27 

INFO     WDM:logger.py:27 ====== WebDriver manager ======
INFO     WDM:logger.py:27 Current google-chrome version is 99.0.4844
INFO     WDM:logger.py:27 Get LATEST chromedriver version for 99.0.4844 google-chrome
INFO     WDM:logger.py:27 Driver [C:\Users\icoro\.wdm\drivers\chromedriver\win32\99.0.4844.51\chromedriver.exe] found in cache<br/></div></td></tr></tbody>
      <tbody class="passed results-table-row">
        <tr>
          <td class="col-result">Passed</td>
          <td class="col-name">tests/step_defs/test_add_remove_elements_page.py::test_test_delete_buttons_number_2[30-11-19]</td>
          <td class="col-duration">8.05</td>
          <td class="col-links"></td></tr>
        <tr>
          <td class="extra" colspan="4">
            <div class="log"> ------------------------------Captured stderr call------------------------------ <br/>

====== WebDriver manager ======
Current google-chrome version is 99.0.4844
Get LATEST chromedriver version for 99.0.4844 google-chrome
Driver [C:\Users\icoro\.wdm\drivers\chromedriver\win32\99.0.4844.51\chromedriver.exe] found in cache
<br/> -------------------------------Captured log call-------------------------------- <br/>INFO     WDM:logger.py:27 

INFO     WDM:logger.py:27 ====== WebDriver manager ======
INFO     WDM:logger.py:27 Current google-chrome version is 99.0.4844
INFO     WDM:logger.py:27 Get LATEST chromedriver version for 99.0.4844 google-chrome
INFO     WDM:logger.py:27 Driver [C:\Users\icoro\.wdm\drivers\chromedriver\win32\99.0.4844.51\chromedriver.exe] found in cache<br/></div></td></tr></tbody>
      <tbody class="passed results-table-row">
        <tr>
          <td class="col-result">Passed</td>
          <td class="col-name">tests/step_defs/test_add_remove_elements_page.py::test_test_delete_buttons_number_2[51-41-10]</td>
          <td class="col-duration">8.41</td>
          <td class="col-links"></td></tr>
        <tr>
          <td class="extra" colspan="4">
            <div class="log"> ------------------------------Captured stderr call------------------------------ <br/>

====== WebDriver manager ======
Current google-chrome version is 99.0.4844
Get LATEST chromedriver version for 99.0.4844 google-chrome
Driver [C:\Users\icoro\.wdm\drivers\chromedriver\win32\99.0.4844.51\chromedriver.exe] found in cache
<br/> -------------------------------Captured log call-------------------------------- <br/>INFO     WDM:logger.py:27 

INFO     WDM:logger.py:27 ====== WebDriver manager ======
INFO     WDM:logger.py:27 Current google-chrome version is 99.0.4844
INFO     WDM:logger.py:27 Get LATEST chromedriver version for 99.0.4844 google-chrome
INFO     WDM:logger.py:27 Driver [C:\Users\icoro\.wdm\drivers\chromedriver\win32\99.0.4844.51\chromedriver.exe] found in cache<br/></div></td></tr></tbody>
      <tbody class="passed results-table-row">
        <tr>
          <td class="col-result">Passed</td>
          <td class="col-name">tests/step_defs/test_broken_images_page.py::test_test_the_page_is_displayed</td>
          <td class="col-duration">6.24</td>
          <td class="col-links"></td></tr>
        <tr>
          <td class="extra" colspan="4">
            <div class="log"> ------------------------------Captured stderr call------------------------------ <br/>

====== WebDriver manager ======
Current google-chrome version is 99.0.4844
Get LATEST chromedriver version for 99.0.4844 google-chrome
Driver [C:\Users\icoro\.wdm\drivers\chromedriver\win32\99.0.4844.51\chromedriver.exe] found in cache
<br/> -------------------------------Captured log call-------------------------------- <br/>INFO     WDM:logger.py:27 

INFO     WDM:logger.py:27 ====== WebDriver manager ======
INFO     WDM:logger.py:27 Current google-chrome version is 99.0.4844
INFO     WDM:logger.py:27 Get LATEST chromedriver version for 99.0.4844 google-chrome
INFO     WDM:logger.py:27 Driver [C:\Users\icoro\.wdm\drivers\chromedriver\win32\99.0.4844.51\chromedriver.exe] found in cache<br/></div></td></tr></tbody>
      <tbody class="passed results-table-row">
        <tr>
          <td class="col-result">Passed</td>
          <td class="col-name">tests/step_defs/test_broken_images_page.py::test_test_images_are_displayed[2]</td>
          <td class="col-duration">6.29</td>
          <td class="col-links"></td></tr>
        <tr>
          <td class="extra" colspan="4">
            <div class="log"> ------------------------------Captured stderr call------------------------------ <br/>

====== WebDriver manager ======
Current google-chrome version is 99.0.4844
Get LATEST chromedriver version for 99.0.4844 google-chrome
Driver [C:\Users\icoro\.wdm\drivers\chromedriver\win32\99.0.4844.51\chromedriver.exe] found in cache
<br/> -------------------------------Captured log call-------------------------------- <br/>INFO     WDM:logger.py:27 

INFO     WDM:logger.py:27 ====== WebDriver manager ======
INFO     WDM:logger.py:27 Current google-chrome version is 99.0.4844
INFO     WDM:logger.py:27 Get LATEST chromedriver version for 99.0.4844 google-chrome
INFO     WDM:logger.py:27 Driver [C:\Users\icoro\.wdm\drivers\chromedriver\win32\99.0.4844.51\chromedriver.exe] found in cache<br/></div></td></tr></tbody>
      <tbody class="passed results-table-row">
        <tr>
          <td class="col-result">Passed</td>
          <td class="col-name">tests/step_defs/test_broken_images_page.py::test_test_images_are_displayed[3]</td>
          <td class="col-duration">6.09</td>
          <td class="col-links"></td></tr>
        <tr>
          <td class="extra" colspan="4">
            <div class="log"> ------------------------------Captured stderr call------------------------------ <br/>

====== WebDriver manager ======
Current google-chrome version is 99.0.4844
Get LATEST chromedriver version for 99.0.4844 google-chrome
Driver [C:\Users\icoro\.wdm\drivers\chromedriver\win32\99.0.4844.51\chromedriver.exe] found in cache
<br/> -------------------------------Captured log call-------------------------------- <br/>INFO     WDM:logger.py:27 

INFO     WDM:logger.py:27 ====== WebDriver manager ======
INFO     WDM:logger.py:27 Current google-chrome version is 99.0.4844
INFO     WDM:logger.py:27 Get LATEST chromedriver version for 99.0.4844 google-chrome
INFO     WDM:logger.py:27 Driver [C:\Users\icoro\.wdm\drivers\chromedriver\win32\99.0.4844.51\chromedriver.exe] found in cache<br/></div></td></tr></tbody>
      <tbody class="passed results-table-row">
        <tr>
          <td class="col-result">Passed</td>
          <td class="col-name">tests/step_defs/test_broken_images_page.py::test_test_images_are_displayed[4]</td>
          <td class="col-duration">6.14</td>
          <td class="col-links"></td></tr>
        <tr>
          <td class="extra" colspan="4">
            <div class="log"> ------------------------------Captured stderr call------------------------------ <br/>

====== WebDriver manager ======
Current google-chrome version is 99.0.4844
Get LATEST chromedriver version for 99.0.4844 google-chrome
Driver [C:\Users\icoro\.wdm\drivers\chromedriver\win32\99.0.4844.51\chromedriver.exe] found in cache
<br/> -------------------------------Captured log call-------------------------------- <br/>INFO     WDM:logger.py:27 

INFO     WDM:logger.py:27 ====== WebDriver manager ======
INFO     WDM:logger.py:27 Current google-chrome version is 99.0.4844
INFO     WDM:logger.py:27 Get LATEST chromedriver version for 99.0.4844 google-chrome
INFO     WDM:logger.py:27 Driver [C:\Users\icoro\.wdm\drivers\chromedriver\win32\99.0.4844.51\chromedriver.exe] found in cache<br/></div></td></tr></tbody>
      <tbody class="passed results-table-row">
        <tr>
          <td class="col-result">Passed</td>
          <td class="col-name">tests/step_defs/test_home_page.py::test_test_the_page_is_displayed</td>
          <td class="col-duration">8.18</td>
          <td class="col-links"></td></tr>
        <tr>
          <td class="extra" colspan="4">
            <div class="log"> ------------------------------Captured stderr call------------------------------ <br/>

====== WebDriver manager ======
Current google-chrome version is 99.0.4844
Get LATEST chromedriver version for 99.0.4844 google-chrome
Driver [C:\Users\icoro\.wdm\drivers\chromedriver\win32\99.0.4844.51\chromedriver.exe] found in cache
<br/> -------------------------------Captured log call-------------------------------- <br/>INFO     WDM:logger.py:27 

INFO     WDM:logger.py:27 ====== WebDriver manager ======
INFO     WDM:logger.py:27 Current google-chrome version is 99.0.4844
INFO     WDM:logger.py:27 Get LATEST chromedriver version for 99.0.4844 google-chrome
INFO     WDM:logger.py:27 Driver [C:\Users\icoro\.wdm\drivers\chromedriver\win32\99.0.4844.51\chromedriver.exe] found in cache<br/></div></td></tr></tbody>
      <tbody class="passed results-table-row">
        <tr>
          <td class="col-result">Passed</td>
          <td class="col-name">tests/step_defs/test_home_page.py::test_test_footer_is_displayed</td>
          <td class="col-duration">6.57</td>
          <td class="col-links"></td></tr>
        <tr>
          <td class="extra" colspan="4">
            <div class="log"> ------------------------------Captured stderr call------------------------------ <br/>

====== WebDriver manager ======
Current google-chrome version is 99.0.4844
Get LATEST chromedriver version for 99.0.4844 google-chrome
Driver [C:\Users\icoro\.wdm\drivers\chromedriver\win32\99.0.4844.51\chromedriver.exe] found in cache
<br/> -------------------------------Captured log call-------------------------------- <br/>INFO     WDM:logger.py:27 

INFO     WDM:logger.py:27 ====== WebDriver manager ======
INFO     WDM:logger.py:27 Current google-chrome version is 99.0.4844
INFO     WDM:logger.py:27 Get LATEST chromedriver version for 99.0.4844 google-chrome
INFO     WDM:logger.py:27 Driver [C:\Users\icoro\.wdm\drivers\chromedriver\win32\99.0.4844.51\chromedriver.exe] found in cache<br/></div></td></tr></tbody>
      <tbody class="passed results-table-row">
        <tr>
          <td class="col-result">Passed</td>
          <td class="col-name">tests/step_defs/test_home_page.py::test_test_links_displayed</td>
          <td class="col-duration">10.10</td>
          <td class="col-links"></td></tr>
        <tr>
          <td class="extra" colspan="4">
            <div class="log"> ------------------------------Captured stderr call------------------------------ <br/>

====== WebDriver manager ======
Current google-chrome version is 99.0.4844
Get LATEST chromedriver version for 99.0.4844 google-chrome
Driver [C:\Users\icoro\.wdm\drivers\chromedriver\win32\99.0.4844.51\chromedriver.exe] found in cache
<br/> -------------------------------Captured log call-------------------------------- <br/>INFO     WDM:logger.py:27 

INFO     WDM:logger.py:27 ====== WebDriver manager ======
INFO     WDM:logger.py:27 Current google-chrome version is 99.0.4844
INFO     WDM:logger.py:27 Get LATEST chromedriver version for 99.0.4844 google-chrome
INFO     WDM:logger.py:27 Driver [C:\Users\icoro\.wdm\drivers\chromedriver\win32\99.0.4844.51\chromedriver.exe] found in cache<br/></div></td></tr></tbody>
      <tbody class="passed results-table-row">
        <tr>
          <td class="col-result">Passed</td>
          <td class="col-name">tests/step_defs/test_home_page.py::test_test_links_are_working[ab_test_link-https://the-internet.herokuapp.com/abtest]</td>
          <td class="col-duration">6.68</td>
          <td class="col-links"></td></tr>
        <tr>
          <td class="extra" colspan="4">
            <div class="log"> ------------------------------Captured stderr call------------------------------ <br/>

====== WebDriver manager ======
Current google-chrome version is 99.0.4844
Get LATEST chromedriver version for 99.0.4844 google-chrome
Driver [C:\Users\icoro\.wdm\drivers\chromedriver\win32\99.0.4844.51\chromedriver.exe] found in cache
<br/> -------------------------------Captured log call-------------------------------- <br/>INFO     WDM:logger.py:27 

INFO     WDM:logger.py:27 ====== WebDriver manager ======
INFO     WDM:logger.py:27 Current google-chrome version is 99.0.4844
INFO     WDM:logger.py:27 Get LATEST chromedriver version for 99.0.4844 google-chrome
INFO     WDM:logger.py:27 Driver [C:\Users\icoro\.wdm\drivers\chromedriver\win32\99.0.4844.51\chromedriver.exe] found in cache<br/></div></td></tr></tbody>
      <tbody class="passed results-table-row">
        <tr>
          <td class="col-result">Passed</td>
          <td class="col-name">tests/step_defs/test_home_page.py::test_test_links_are_working[add_remove_elements_link-https://the-internet.herokuapp.com/add_remove_elements/]</td>
          <td class="col-duration">6.84</td>
          <td class="col-links"></td></tr>
        <tr>
          <td class="extra" colspan="4">
            <div class="log"> ------------------------------Captured stderr call------------------------------ <br/>

====== WebDriver manager ======
Current google-chrome version is 99.0.4844
Get LATEST chromedriver version for 99.0.4844 google-chrome
Driver [C:\Users\icoro\.wdm\drivers\chromedriver\win32\99.0.4844.51\chromedriver.exe] found in cache
<br/> -------------------------------Captured log call-------------------------------- <br/>INFO     WDM:logger.py:27 

INFO     WDM:logger.py:27 ====== WebDriver manager ======
INFO     WDM:logger.py:27 Current google-chrome version is 99.0.4844
INFO     WDM:logger.py:27 Get LATEST chromedriver version for 99.0.4844 google-chrome
INFO     WDM:logger.py:27 Driver [C:\Users\icoro\.wdm\drivers\chromedriver\win32\99.0.4844.51\chromedriver.exe] found in cache<br/></div></td></tr></tbody>
      <tbody class="passed results-table-row">
        <tr>
          <td class="col-result">Passed</td>
          <td class="col-name">tests/step_defs/test_home_page.py::test_test_links_are_working[broken_images_link-https://the-internet.herokuapp.com/broken_images]</td>
          <td class="col-duration">6.95</td>
          <td class="col-links"></td></tr>
        <tr>
          <td class="extra" colspan="4">
            <div class="log"> ------------------------------Captured stderr call------------------------------ <br/>

====== WebDriver manager ======
Current google-chrome version is 99.0.4844
Get LATEST chromedriver version for 99.0.4844 google-chrome
Driver [C:\Users\icoro\.wdm\drivers\chromedriver\win32\99.0.4844.51\chromedriver.exe] found in cache
<br/> -------------------------------Captured log call-------------------------------- <br/>INFO     WDM:logger.py:27 

INFO     WDM:logger.py:27 ====== WebDriver manager ======
INFO     WDM:logger.py:27 Current google-chrome version is 99.0.4844
INFO     WDM:logger.py:27 Get LATEST chromedriver version for 99.0.4844 google-chrome
INFO     WDM:logger.py:27 Driver [C:\Users\icoro\.wdm\drivers\chromedriver\win32\99.0.4844.51\chromedriver.exe] found in cache<br/></div></td></tr></tbody>
      <tbody class="passed results-table-row">
        <tr>
          <td class="col-result">Passed</td>
          <td class="col-name">tests/step_defs/test_home_page.py::test_test_links_are_working[form_authentication_link-https://the-internet.herokuapp.com/login]</td>
          <td class="col-duration">7.95</td>
          <td class="col-links"></td></tr>
        <tr>
          <td class="extra" colspan="4">
            <div class="log"> ------------------------------Captured stderr call------------------------------ <br/>

====== WebDriver manager ======
Current google-chrome version is 99.0.4844
Get LATEST chromedriver version for 99.0.4844 google-chrome
Driver [C:\Users\icoro\.wdm\drivers\chromedriver\win32\99.0.4844.51\chromedriver.exe] found in cache
<br/> -------------------------------Captured log call-------------------------------- <br/>INFO     WDM:logger.py:27 

INFO     WDM:logger.py:27 ====== WebDriver manager ======
INFO     WDM:logger.py:27 Current google-chrome version is 99.0.4844
INFO     WDM:logger.py:27 Get LATEST chromedriver version for 99.0.4844 google-chrome
INFO     WDM:logger.py:27 Driver [C:\Users\icoro\.wdm\drivers\chromedriver\win32\99.0.4844.51\chromedriver.exe] found in cache<br/></div></td></tr></tbody>
      <tbody class="passed results-table-row">
        <tr>
          <td class="col-result">Passed</td>
          <td class="col-name">tests/step_defs/test_home_page.py::test_test_broken_images</td>
          <td class="col-duration">6.93</td>
          <td class="col-links"></td></tr>
        <tr>
          <td class="extra" colspan="4">
            <div class="log"> ------------------------------Captured stdout call------------------------------ <br/>            This page contains: 1 images
    Broken images: 
[]
<br/> ------------------------------Captured stderr call------------------------------ <br/>

====== WebDriver manager ======
Current google-chrome version is 99.0.4844
Get LATEST chromedriver version for 99.0.4844 google-chrome
Driver [C:\Users\icoro\.wdm\drivers\chromedriver\win32\99.0.4844.51\chromedriver.exe] found in cache
<br/> -------------------------------Captured log call-------------------------------- <br/>INFO     WDM:logger.py:27 

INFO     WDM:logger.py:27 ====== WebDriver manager ======
INFO     WDM:logger.py:27 Current google-chrome version is 99.0.4844
INFO     WDM:logger.py:27 Get LATEST chromedriver version for 99.0.4844 google-chrome
INFO     WDM:logger.py:27 Driver [C:\Users\icoro\.wdm\drivers\chromedriver\win32\99.0.4844.51\chromedriver.exe] found in cache<br/></div></td></tr></tbody>
      <tbody class="passed results-table-row">
        <tr>
          <td class="col-result">Passed</td>
          <td class="col-name">tests/step_defs/test_login_page.py::test_test_the_page_is_displayed</td>
          <td class="col-duration">6.61</td>
          <td class="col-links"></td></tr>
        <tr>
          <td class="extra" colspan="4">
            <div class="log"> ------------------------------Captured stderr call------------------------------ <br/>

====== WebDriver manager ======
Current google-chrome version is 99.0.4844
Get LATEST chromedriver version for 99.0.4844 google-chrome
Driver [C:\Users\icoro\.wdm\drivers\chromedriver\win32\99.0.4844.51\chromedriver.exe] found in cache
<br/> -------------------------------Captured log call-------------------------------- <br/>INFO     WDM:logger.py:27 

INFO     WDM:logger.py:27 ====== WebDriver manager ======
INFO     WDM:logger.py:27 Current google-chrome version is 99.0.4844
INFO     WDM:logger.py:27 Get LATEST chromedriver version for 99.0.4844 google-chrome
INFO     WDM:logger.py:27 Driver [C:\Users\icoro\.wdm\drivers\chromedriver\win32\99.0.4844.51\chromedriver.exe] found in cache<br/></div></td></tr></tbody>
      <tbody class="passed results-table-row">
        <tr>
          <td class="col-result">Passed</td>
          <td class="col-name">tests/step_defs/test_login_page.py::test_login_using_valid_credentials</td>
          <td class="col-duration">7.25</td>
          <td class="col-links"></td></tr>
        <tr>
          <td class="extra" colspan="4">
            <div class="log"> ------------------------------Captured stderr call------------------------------ <br/>

====== WebDriver manager ======
Current google-chrome version is 99.0.4844
Get LATEST chromedriver version for 99.0.4844 google-chrome
Driver [C:\Users\icoro\.wdm\drivers\chromedriver\win32\99.0.4844.51\chromedriver.exe] found in cache
<br/> -------------------------------Captured log call-------------------------------- <br/>INFO     WDM:logger.py:27 

INFO     WDM:logger.py:27 ====== WebDriver manager ======
INFO     WDM:logger.py:27 Current google-chrome version is 99.0.4844
INFO     WDM:logger.py:27 Get LATEST chromedriver version for 99.0.4844 google-chrome
INFO     WDM:logger.py:27 Driver [C:\Users\icoro\.wdm\drivers\chromedriver\win32\99.0.4844.51\chromedriver.exe] found in cache<br/></div></td></tr></tbody>
      <tbody class="passed results-table-row">
        <tr>
          <td class="col-result">Passed</td>
          <td class="col-name">tests/step_defs/test_login_page.py::test_login_using_invalid_credentials[tomsmith1-SuperSecretPassword!-Your username is invalid!]</td>
          <td class="col-duration">7.24</td>
          <td class="col-links"></td></tr>
        <tr>
          <td class="extra" colspan="4">
            <div class="log"> ------------------------------Captured stderr call------------------------------ <br/>

====== WebDriver manager ======
Current google-chrome version is 99.0.4844
Get LATEST chromedriver version for 99.0.4844 google-chrome
Driver [C:\Users\icoro\.wdm\drivers\chromedriver\win32\99.0.4844.51\chromedriver.exe] found in cache
<br/> -------------------------------Captured log call-------------------------------- <br/>INFO     WDM:logger.py:27 

INFO     WDM:logger.py:27 ====== WebDriver manager ======
INFO     WDM:logger.py:27 Current google-chrome version is 99.0.4844
INFO     WDM:logger.py:27 Get LATEST chromedriver version for 99.0.4844 google-chrome
INFO     WDM:logger.py:27 Driver [C:\Users\icoro\.wdm\drivers\chromedriver\win32\99.0.4844.51\chromedriver.exe] found in cache<br/></div></td></tr></tbody>
      <tbody class="passed results-table-row">
        <tr>
          <td class="col-result">Passed</td>
          <td class="col-name">tests/step_defs/test_login_page.py::test_login_using_invalid_credentials[TOMSMITH-SuperSecretPassword!-Your username is invalid!]</td>
          <td class="col-duration">7.15</td>
          <td class="col-links"></td></tr>
        <tr>
          <td class="extra" colspan="4">
            <div class="log"> ------------------------------Captured stderr call------------------------------ <br/>

====== WebDriver manager ======
Current google-chrome version is 99.0.4844
Get LATEST chromedriver version for 99.0.4844 google-chrome
Driver [C:\Users\icoro\.wdm\drivers\chromedriver\win32\99.0.4844.51\chromedriver.exe] found in cache
<br/> -------------------------------Captured log call-------------------------------- <br/>INFO     WDM:logger.py:27 

INFO     WDM:logger.py:27 ====== WebDriver manager ======
INFO     WDM:logger.py:27 Current google-chrome version is 99.0.4844
INFO     WDM:logger.py:27 Get LATEST chromedriver version for 99.0.4844 google-chrome
INFO     WDM:logger.py:27 Driver [C:\Users\icoro\.wdm\drivers\chromedriver\win32\99.0.4844.51\chromedriver.exe] found in cache<br/></div></td></tr></tbody>
      <tbody class="passed results-table-row">
        <tr>
          <td class="col-result">Passed</td>
          <td class="col-name">tests/step_defs/test_login_page.py::test_login_using_invalid_credentials[tomsmith-SuperPassword!-Your password is invalid!]</td>
          <td class="col-duration">7.32</td>
          <td class="col-links"></td></tr>
        <tr>
          <td class="extra" colspan="4">
            <div class="log"> ------------------------------Captured stderr call------------------------------ <br/>

====== WebDriver manager ======
Current google-chrome version is 99.0.4844
Get LATEST chromedriver version for 99.0.4844 google-chrome
Driver [C:\Users\icoro\.wdm\drivers\chromedriver\win32\99.0.4844.51\chromedriver.exe] found in cache
<br/> -------------------------------Captured log call-------------------------------- <br/>INFO     WDM:logger.py:27 

INFO     WDM:logger.py:27 ====== WebDriver manager ======
INFO     WDM:logger.py:27 Current google-chrome version is 99.0.4844
INFO     WDM:logger.py:27 Get LATEST chromedriver version for 99.0.4844 google-chrome
INFO     WDM:logger.py:27 Driver [C:\Users\icoro\.wdm\drivers\chromedriver\win32\99.0.4844.51\chromedriver.exe] found in cache<br/></div></td></tr></tbody>
      <tbody class="passed results-table-row">
        <tr>
          <td class="col-result">Passed</td>
          <td class="col-name">tests/step_defs/test_login_page.py::test_login_using_invalid_credentials[tomasmith-SuperMegaPassword!-Your username is invalid!]</td>
          <td class="col-duration">7.43</td>
          <td class="col-links"></td></tr>
        <tr>
          <td class="extra" colspan="4">
            <div class="log"> ------------------------------Captured stderr call------------------------------ <br/>

====== WebDriver manager ======
Current google-chrome version is 99.0.4844
Get LATEST chromedriver version for 99.0.4844 google-chrome
Driver [C:\Users\icoro\.wdm\drivers\chromedriver\win32\99.0.4844.51\chromedriver.exe] found in cache
<br/> -------------------------------Captured log call-------------------------------- <br/>INFO     WDM:logger.py:27 

INFO     WDM:logger.py:27 ====== WebDriver manager ======
INFO     WDM:logger.py:27 Current google-chrome version is 99.0.4844
INFO     WDM:logger.py:27 Get LATEST chromedriver version for 99.0.4844 google-chrome
INFO     WDM:logger.py:27 Driver [C:\Users\icoro\.wdm\drivers\chromedriver\win32\99.0.4844.51\chromedriver.exe] found in cache<br/></div></td></tr></tbody>
      <tbody class="passed results-table-row">
        <tr>
          <td class="col-result">Passed</td>
          <td class="col-name">tests/step_defs/test_login_page.py::test_login_using_invalid_credentials[asdsef-safff123!-Your username is invalid!]</td>
          <td class="col-duration">7.17</td>
          <td class="col-links"></td></tr>
        <tr>
          <td class="extra" colspan="4">
            <div class="log"> ------------------------------Captured stderr call------------------------------ <br/>

====== WebDriver manager ======
Current google-chrome version is 99.0.4844
Get LATEST chromedriver version for 99.0.4844 google-chrome
Driver [C:\Users\icoro\.wdm\drivers\chromedriver\win32\99.0.4844.51\chromedriver.exe] found in cache
<br/> -------------------------------Captured log call-------------------------------- <br/>INFO     WDM:logger.py:27 

INFO     WDM:logger.py:27 ====== WebDriver manager ======
INFO     WDM:logger.py:27 Current google-chrome version is 99.0.4844
INFO     WDM:logger.py:27 Get LATEST chromedriver version for 99.0.4844 google-chrome
INFO     WDM:logger.py:27 Driver [C:\Users\icoro\.wdm\drivers\chromedriver\win32\99.0.4844.51\chromedriver.exe] found in cache<br/></div></td></tr></tbody>
      <tbody class="passed results-table-row">
        <tr>
          <td class="col-result">Passed</td>
          <td class="col-name">tests/step_defs/test_login_page.py::test_try_to_login_with_random_credentials</td>
          <td class="col-duration">7.19</td>
          <td class="col-links"></td></tr>
        <tr>
          <td class="extra" colspan="4">
            <div class="log"> ------------------------------Captured stdout call------------------------------ <br/>13
Generated username: yXWhuAIcKbQwj
8
Generated username: QfcJrUKV
<br/> ------------------------------Captured stderr call------------------------------ <br/>

====== WebDriver manager ======
Current google-chrome version is 99.0.4844
Get LATEST chromedriver version for 99.0.4844 google-chrome
Driver [C:\Users\icoro\.wdm\drivers\chromedriver\win32\99.0.4844.51\chromedriver.exe] found in cache
<br/> -------------------------------Captured log call-------------------------------- <br/>INFO     WDM:logger.py:27 

INFO     WDM:logger.py:27 ====== WebDriver manager ======
INFO     WDM:logger.py:27 Current google-chrome version is 99.0.4844
INFO     WDM:logger.py:27 Get LATEST chromedriver version for 99.0.4844 google-chrome
INFO     WDM:logger.py:27 Driver [C:\Users\icoro\.wdm\drivers\chromedriver\win32\99.0.4844.51\chromedriver.exe] found in cache<br/></div></td></tr></tbody>
      <tbody class="passed results-table-row">
        <tr>
          <td class="col-result">Passed</td>
          <td class="col-name">tests/step_defs/test_secure_area_page.py::test_test_the_page_is_displayed</td>
          <td class="col-duration">6.95</td>
          <td class="col-links"></td></tr>
        <tr>
          <td class="extra" colspan="4">
            <div class="log"> ------------------------------Captured stderr call------------------------------ <br/>

====== WebDriver manager ======
Current google-chrome version is 99.0.4844
Get LATEST chromedriver version for 99.0.4844 google-chrome
Driver [C:\Users\icoro\.wdm\drivers\chromedriver\win32\99.0.4844.51\chromedriver.exe] found in cache
<br/> -------------------------------Captured log call-------------------------------- <br/>INFO     WDM:logger.py:27 

INFO     WDM:logger.py:27 ====== WebDriver manager ======
INFO     WDM:logger.py:27 Current google-chrome version is 99.0.4844
INFO     WDM:logger.py:27 Get LATEST chromedriver version for 99.0.4844 google-chrome
INFO     WDM:logger.py:27 Driver [C:\Users\icoro\.wdm\drivers\chromedriver\win32\99.0.4844.51\chromedriver.exe] found in cache<br/></div></td></tr></tbody>
      <tbody class="passed results-table-row">
        <tr>
          <td class="col-result">Passed</td>
          <td class="col-name">tests/step_defs/test_secure_area_page.py::test_test_if_the_logout_from_the_secure_area_page_is_working</td>
          <td class="col-duration">7.82</td>
          <td class="col-links"></td></tr>
        <tr>
          <td class="extra" colspan="4">
            <div class="log"> ------------------------------Captured stderr call------------------------------ <br/>

====== WebDriver manager ======
Current google-chrome version is 99.0.4844
Get LATEST chromedriver version for 99.0.4844 google-chrome
Driver [C:\Users\icoro\.wdm\drivers\chromedriver\win32\99.0.4844.51\chromedriver.exe] found in cache
<br/> -------------------------------Captured log call-------------------------------- <br/>INFO     WDM:logger.py:27 

INFO     WDM:logger.py:27 ====== WebDriver manager ======
INFO     WDM:logger.py:27 Current google-chrome version is 99.0.4844
INFO     WDM:logger.py:27 Get LATEST chromedriver version for 99.0.4844 google-chrome
INFO     WDM:logger.py:27 Driver [C:\Users\icoro\.wdm\drivers\chromedriver\win32\99.0.4844.51\chromedriver.exe] found in cache<br/></div></td></tr></tbody></table></body></html>